This file contains any messages produced by compilers while
running configure, to aid debugging if configure makes a mistake.

It was created by univalue configure 1.0.1, which was
generated by GNU Autoconf 2.69.  Invocation command line was

  $ ./configure --disable-option-checking --prefix=/moondexcoin/depends/x86_64-w64-mingw32 --disable-shared --with-pic --with-bignum=no --enable-module-recovery --disable-jni --cache-file=/dev/null --srcdir=.

## --------- ##
## Platform. ##
## --------- ##

hostname = 59d49c614eea
uname -m = x86_64
uname -r = 4.9.87-linuxkit-aufs
uname -s = Linux
uname -v = #1 SMP Wed Mar 14 15:12:16 UTC 2018

/usr/bin/uname -p = unknown
/bin/uname -X     = unknown

/bin/arch              = unknown
/usr/bin/arch -k       = unknown
/usr/convex/getsysinfo = unknown
/usr/bin/hostinfo      = unknown
/bin/machine           = unknown
/usr/bin/oslevel       = unknown
/bin/universe          = unknown

PATH: /moondexcoin/depends/x86_64-w64-mingw32/share/../native/bin
PATH: /usr/local/sbin
PATH: /usr/local/bin
PATH: /usr/sbin
PATH: /usr/bin
PATH: /sbin
PATH: /bin


## ----------- ##
## Core tests. ##
## ----------- ##

configure:2158: loading site script /moondexcoin/depends/x86_64-w64-mingw32/share/config.site
| depends_prefix="`dirname ${ac_site_file}`/.."
| 
| cross_compiling=maybe
| host_alias=x86_64-w64-mingw32
| ac_tool_prefix=${host_alias}-
| 
| if test -z $with_boost; then
|   with_boost=$depends_prefix
| fi
| if test -z $with_qt_plugindir; then
|   with_qt_plugindir=$depends_prefix/plugins
| fi
| if test -z $with_qt_translationdir; then
|   with_qt_translationdir=$depends_prefix/translations
| fi
| if test -z $with_qt_bindir; then
|   with_qt_bindir=$depends_prefix/native/bin
| fi
| if test -z $with_protoc_bindir; then
|   with_protoc_bindir=$depends_prefix/native/bin
| fi
| if test -z $with_comparison_tool; then
|   with_comparison_tool=$depends_prefix/native/share/BitcoindComparisonTool_jar/BitcoindComparisonTool.jar
| fi
| 
| 
| if test -z $enable_wallet && test -n ""; then
|   enable_wallet=no
| fi
| 
| if test -z $with_miniupnpc && test -n ""; then
|   with_miniupnpc=no
| fi
| 
| if test -z $with_gui && test -n ""; then
|   with_gui=no
| fi
| 
| if test xmingw32 = xdarwin; then
|   BREW=no
|   PORT=no
| fi
| 
| if test xmingw32 = xmingw32; then
|   if test -z $with_qt_incdir; then
|     with_qt_incdir=$depends_prefix/include
|   fi
|   if test -z $with_qt_libdir; then
|     with_qt_libdir=$depends_prefix/lib
|   fi
| fi
| 
| PATH=$depends_prefix/native/bin:$PATH
| PKG_CONFIG="`which pkg-config` --static"
| 
| # These two need to remain exported because pkg-config does not see them
| # otherwise. That means they must be unexported at the end of configure.ac to
| # avoid ruining the cache. Sigh.
| 
| export PKG_CONFIG_LIBDIR=$depends_prefix/lib/pkgconfig
| export PKG_CONFIG_PATH=$depends_prefix/share/pkgconfig
| 
| CPPFLAGS="-I$depends_prefix/include/ $CPPFLAGS"
| LDFLAGS="-L$depends_prefix/lib $LDFLAGS"
| 
| CC="x86_64-w64-mingw32-gcc"
| CXX="x86_64-w64-mingw32-g++"
| OBJC="${CC}"
| OBJCXX="${CXX}"
| CCACHE=$prefix/native/bin/ccache
| CCACHE=$depends_prefix/native/bin/ccache
| PYTHONPATH=$depends_prefix/native/lib/python/dist-packages:$PYTHONPATH
| 
| if test -n "x86_64-w64-mingw32-ar"; then
|   AR=x86_64-w64-mingw32-ar
|   ac_cv_path_ac_pt_AR=${AR}
| fi
| 
| if test -n "x86_64-w64-mingw32-ranlib"; then
|   RANLIB=x86_64-w64-mingw32-ranlib
|   ac_cv_path_ac_pt_RANLIB=${RANLIB}
| fi
| 
| if test -n "x86_64-w64-mingw32-nm"; then
|   NM=x86_64-w64-mingw32-nm
|   ac_cv_path_ac_pt_NM=${NM}
| fi
| 
| if test -n ""; then
|   enable_reduce_exports=no
| fi
| 
| if test -n "-pipe -O2"; then
|   CFLAGS="-pipe -O2 $CFLAGS"
| fi
| if test -n "-pipe -O2"; then
|   CXXFLAGS="-pipe -O2 $CXXFLAGS"
| fi
| if test -n ""; then
|   CPPFLAGS=" $CPPFLAGS"
| fi
| if test -n ""; then
|   LDFLAGS=" $LDFLAGS"
| fi
configure:2266: checking whether make supports nested variables
configure:2283: result: yes
configure:2345: checking for a BSD-compatible install
configure:2413: result: /usr/bin/install -c
configure:2424: checking whether build environment is sane
configure:2479: result: yes
configure:2538: checking for x86_64-w64-mingw32-strip
configure:2554: found /usr/bin/x86_64-w64-mingw32-strip
configure:2565: result: x86_64-w64-mingw32-strip
configure:2630: checking for a thread-safe mkdir -p
configure:2669: result: /bin/mkdir -p
configure:2676: checking for gawk
configure:2706: result: no
configure:2676: checking for mawk
configure:2692: found /usr/bin/mawk
configure:2703: result: mawk
configure:2714: checking whether make sets $(MAKE)
configure:2736: result: yes
configure:2913: checking build system type
configure:2927: result: x86_64-unknown-linux-gnu
configure:2947: checking host system type
configure:2960: result: x86_64-w64-mingw32
configure:3001: checking how to print strings
configure:3028: result: printf
configure:3061: checking for style of include used by make
configure:3089: result: GNU
configure:3120: checking for x86_64-w64-mingw32-gcc
configure:3147: result: x86_64-w64-mingw32-gcc
configure:3416: checking for C compiler version
configure:3425: x86_64-w64-mingw32-gcc --version >&5
x86_64-w64-mingw32-gcc (GCC) 4.8.2
Copyright (C) 2013 Free Software Foundation, Inc.
This is free software; see the source for copying conditions.  There is NO
warranty; not even for MERCHANTABILITY or FITNESS FOR A PARTICULAR PURPOSE.

configure:3436: $? = 0
configure:3425: x86_64-w64-mingw32-gcc -v >&5
Using built-in specs.
COLLECT_GCC=x86_64-w64-mingw32-gcc
COLLECT_LTO_WRAPPER=/usr/lib/gcc/x86_64-w64-mingw32/4.8/lto-wrapper
Target: x86_64-w64-mingw32
Configured with: ../../src/configure --build=x86_64-linux-gnu --prefix=/usr --includedir='/usr/include' --mandir='/usr/share/man' --infodir='/usr/share/info' --sysconfdir=/etc --localstatedir=/var --libexecdir='/usr/lib/gcc-mingw-w64' --disable-maintainer-mode --disable-dependency-tracking --prefix=/usr --enable-shared --enable-static --disable-multilib --with-system-zlib --libexecdir=/usr/lib --without-included-gettext --libdir=/usr/lib --enable-libstdcxx-time=yes --with-tune=generic --enable-version-specific-runtime-libs --enable-threads=posix --enable-fully-dynamic-string --enable-sjlj-exceptions --enable-libgomp --enable-languages=c,c++,fortran,objc,obj-c++ --enable-lto --with-plugin-ld --target=x86_64-w64-mingw32 --with-gxx-include-dir=/usr/include/c++/4.8 --with-as=/usr/bin/x86_64-w64-mingw32-as --with-ld=/usr/bin/x86_64-w64-mingw32-ld
Thread model: posix
gcc version 4.8.2 (GCC) 
configure:3436: $? = 0
configure:3425: x86_64-w64-mingw32-gcc -V >&5
x86_64-w64-mingw32-gcc: error: unrecognized command line option '-V'
x86_64-w64-mingw32-gcc: fatal error: no input files
compilation terminated.
configure:3436: $? = 4
configure:3425: x86_64-w64-mingw32-gcc -qversion >&5
x86_64-w64-mingw32-gcc: error: unrecognized command line option '-qversion'
x86_64-w64-mingw32-gcc: fatal error: no input files
compilation terminated.
configure:3436: $? = 4
configure:3456: checking whether the C compiler works
configure:3478: x86_64-w64-mingw32-gcc -pipe -O2  -I/moondexcoin/depends/x86_64-w64-mingw32/share/../include/  -L/moondexcoin/depends/x86_64-w64-mingw32/share/../lib  conftest.c  >&5
configure:3482: $? = 0
configure:3530: result: yes
configure:3533: checking for C compiler default output file name
configure:3535: result: a.exe
configure:3541: checking for suffix of executables
configure:3548: x86_64-w64-mingw32-gcc -o conftest.exe -pipe -O2  -I/moondexcoin/depends/x86_64-w64-mingw32/share/../include/  -L/moondexcoin/depends/x86_64-w64-mingw32/share/../lib  conftest.c  >&5
configure:3552: $? = 0
configure:3574: result: .exe
configure:3596: checking whether we are cross compiling
configure:3604: x86_64-w64-mingw32-gcc -o conftest.exe -pipe -O2  -I/moondexcoin/depends/x86_64-w64-mingw32/share/../include/  -L/moondexcoin/depends/x86_64-w64-mingw32/share/../lib  conftest.c  >&5
configure:3608: $? = 0
configure:3615: ./conftest.exe
./configure: line 3617: ./conftest.exe: cannot execute binary file: Exec format error
configure:3619: $? = 126
configure:3634: result: yes
configure:3639: checking for suffix of object files
configure:3661: x86_64-w64-mingw32-gcc -c -pipe -O2  -I/moondexcoin/depends/x86_64-w64-mingw32/share/../include/  conftest.c >&5
configure:3665: $? = 0
configure:3686: result: o
configure:3690: checking whether we are using the GNU C compiler
configure:3709: x86_64-w64-mingw32-gcc -c -pipe -O2  -I/moondexcoin/depends/x86_64-w64-mingw32/share/../include/  conftest.c >&5
configure:3709: $? = 0
configure:3718: result: yes
configure:3727: checking whether x86_64-w64-mingw32-gcc accepts -g
configure:3747: x86_64-w64-mingw32-gcc -c -g -I/moondexcoin/depends/x86_64-w64-mingw32/share/../include/  conftest.c >&5
configure:3747: $? = 0
configure:3788: result: yes
configure:3805: checking for x86_64-w64-mingw32-gcc option to accept ISO C89
configure:3868: x86_64-w64-mingw32-gcc  -c -pipe -O2  -I/moondexcoin/depends/x86_64-w64-mingw32/share/../include/  conftest.c >&5
configure:3868: $? = 0
configure:3881: result: none needed
configure:3906: checking whether x86_64-w64-mingw32-gcc understands -c and -o together
configure:3928: x86_64-w64-mingw32-gcc -c conftest.c -o conftest2.o
configure:3931: $? = 0
configure:3928: x86_64-w64-mingw32-gcc -c conftest.c -o conftest2.o
configure:3931: $? = 0
configure:3943: result: yes
configure:3962: checking dependency style of x86_64-w64-mingw32-gcc
configure:4073: result: gcc3
configure:4088: checking for a sed that does not truncate output
configure:4152: result: /bin/sed
configure:4170: checking for grep that handles long lines and -e
configure:4228: result: /bin/grep
configure:4233: checking for egrep
configure:4295: result: /bin/grep -E
configure:4300: checking for fgrep
configure:4362: result: /bin/grep -F
configure:4397: checking for ld used by x86_64-w64-mingw32-gcc
configure:4464: result: /usr/bin/x86_64-w64-mingw32-ld
configure:4471: checking if the linker (/usr/bin/x86_64-w64-mingw32-ld) is GNU ld
configure:4486: result: yes
configure:4498: checking for BSD- or MS-compatible name lister (nm)
configure:4547: result: x86_64-w64-mingw32-nm
configure:4677: checking the name lister (x86_64-w64-mingw32-nm) interface
configure:4684: x86_64-w64-mingw32-gcc -c -pipe -O2  -I/moondexcoin/depends/x86_64-w64-mingw32/share/../include/  conftest.c >&5
configure:4687: x86_64-w64-mingw32-nm "conftest.o"
configure:4690: output
0000000000000000 b .bss
0000000000000000 d .data
0000000000000000 r .rdata$zzz
0000000000000000 t .text
0000000000000000 B some_variable
configure:4697: result: BSD nm
configure:4700: checking whether ln -s works
configure:4704: result: yes
configure:4712: checking the maximum length of command line arguments
configure:4843: result: 1572864
configure:4860: checking whether the shell understands some XSI constructs
configure:4870: result: yes
configure:4874: checking whether the shell understands "+="
configure:4880: result: yes
configure:4915: checking how to convert x86_64-unknown-linux-gnu file names to x86_64-w64-mingw32 format
configure:4955: result: func_convert_file_nix_to_w32
configure:4962: checking how to convert x86_64-unknown-linux-gnu file names to toolchain format
configure:4982: result: func_convert_file_noop
configure:4989: checking for /usr/bin/x86_64-w64-mingw32-ld option to reload object files
configure:4996: result: -r
configure:5030: checking for x86_64-w64-mingw32-objdump
configure:5046: found /usr/bin/x86_64-w64-mingw32-objdump
configure:5057: result: x86_64-w64-mingw32-objdump
configure:5129: checking how to recognize dependent libraries
configure:5327: result: file_magic ^x86 archive import|^x86 DLL
configure:5372: checking for x86_64-w64-mingw32-dlltool
configure:5388: found /usr/bin/x86_64-w64-mingw32-dlltool
configure:5399: result: x86_64-w64-mingw32-dlltool
configure:5472: checking how to associate runtime and link libraries
configure:5499: result: func_cygming_dll_for_implib
configure:5516: checking for x86_64-w64-mingw32-ar
configure:5543: result: x86_64-w64-mingw32-ar
configure:5624: checking for archiver @FILE support
configure:5641: x86_64-w64-mingw32-gcc -c -pipe -O2  -I/moondexcoin/depends/x86_64-w64-mingw32/share/../include/  conftest.c >&5
configure:5641: $? = 0
configure:5644: x86_64-w64-mingw32-ar cru libconftest.a @conftest.lst >&5
configure:5647: $? = 0
configure:5652: x86_64-w64-mingw32-ar cru libconftest.a @conftest.lst >&5
x86_64-w64-mingw32-ar: conftest.o: No such file or directory
configure:5655: $? = 1
configure:5667: result: @
configure:5685: checking for x86_64-w64-mingw32-strip
configure:5712: result: x86_64-w64-mingw32-strip
configure:5784: checking for x86_64-w64-mingw32-ranlib
configure:5811: result: x86_64-w64-mingw32-ranlib
configure:5953: checking command to parse x86_64-w64-mingw32-nm output from x86_64-w64-mingw32-gcc object
configure:6073: x86_64-w64-mingw32-gcc -c -pipe -O2  -I/moondexcoin/depends/x86_64-w64-mingw32/share/../include/  conftest.c >&5
configure:6076: $? = 0
configure:6080: x86_64-w64-mingw32-nm conftest.o \| sed -n -e 's/^.*[ ]\([ABCDGIRSTW][ABCDGIRSTW]*\)[ ][ ]*\([_A-Za-z][_A-Za-z0-9]*\)$/\1 \2 \2/p' | sed '/ __gnu_lto/d' \> conftest.nm
configure:6083: $? = 0
configure:6149: x86_64-w64-mingw32-gcc -o conftest.exe -pipe -O2  -I/moondexcoin/depends/x86_64-w64-mingw32/share/../include/  -L/moondexcoin/depends/x86_64-w64-mingw32/share/../lib  conftest.c conftstm.o >&5
configure:6152: $? = 0
configure:6190: result: ok
configure:6227: checking for sysroot
configure:6257: result: no
configure:6486: checking for x86_64-w64-mingw32-mt
configure:6516: result: no
configure:6526: checking for mt
configure:6542: found /bin/mt
configure:6553: result: mt
configure:6565: WARNING: using cross tools not prefixed with host triplet
configure:6576: checking if mt is a manifest tool
configure:6582: mt '-?'
configure:6590: result: no
configure:7232: checking how to run the C preprocessor
configure:7263: x86_64-w64-mingw32-gcc -E -I/moondexcoin/depends/x86_64-w64-mingw32/share/../include/  conftest.c
configure:7263: $? = 0
configure:7277: x86_64-w64-mingw32-gcc -E -I/moondexcoin/depends/x86_64-w64-mingw32/share/../include/  conftest.c
conftest.c:11:28: fatal error: ac_nonexistent.h: No such file or directory
 #include <ac_nonexistent.h>
                            ^
compilation terminated.
configure:7277: $? = 1
configure: failed program was:
| /* confdefs.h */
| #define PACKAGE_NAME "univalue"
| #define PACKAGE_TARNAME "univalue"
| #define PACKAGE_VERSION "1.0.1"
| #define PACKAGE_STRING "univalue 1.0.1"
| #define PACKAGE_BUGREPORT "http://github.com/jgarzik/univalue/"
| #define PACKAGE_URL ""
| #define PACKAGE "univalue"
| #define VERSION "1.0.1"
| /* end confdefs.h.  */
| #include <ac_nonexistent.h>
configure:7302: result: x86_64-w64-mingw32-gcc -E
configure:7322: x86_64-w64-mingw32-gcc -E -I/moondexcoin/depends/x86_64-w64-mingw32/share/../include/  conftest.c
configure:7322: $? = 0
configure:7336: x86_64-w64-mingw32-gcc -E -I/moondexcoin/depends/x86_64-w64-mingw32/share/../include/  conftest.c
conftest.c:11:28: fatal error: ac_nonexistent.h: No such file or directory
 #include <ac_nonexistent.h>
                            ^
compilation terminated.
configure:7336: $? = 1
configure: failed program was:
| /* confdefs.h */
| #define PACKAGE_NAME "univalue"
| #define PACKAGE_TARNAME "univalue"
| #define PACKAGE_VERSION "1.0.1"
| #define PACKAGE_STRING "univalue 1.0.1"
| #define PACKAGE_BUGREPORT "http://github.com/jgarzik/univalue/"
| #define PACKAGE_URL ""
| #define PACKAGE "univalue"
| #define VERSION "1.0.1"
| /* end confdefs.h.  */
| #include <ac_nonexistent.h>
configure:7365: checking for ANSI C header files
configure:7385: x86_64-w64-mingw32-gcc -c -pipe -O2  -I/moondexcoin/depends/x86_64-w64-mingw32/share/../include/  conftest.c >&5
configure:7385: $? = 0
configure:7469: result: yes
configure:7482: checking for sys/types.h
configure:7482: x86_64-w64-mingw32-gcc -c -pipe -O2  -I/moondexcoin/depends/x86_64-w64-mingw32/share/../include/  conftest.c >&5
configure:7482: $? = 0
configure:7482: result: yes
configure:7482: checking for sys/stat.h
configure:7482: x86_64-w64-mingw32-gcc -c -pipe -O2  -I/moondexcoin/depends/x86_64-w64-mingw32/share/../include/  conftest.c >&5
configure:7482: $? = 0
configure:7482: result: yes
configure:7482: checking for stdlib.h
configure:7482: x86_64-w64-mingw32-gcc -c -pipe -O2  -I/moondexcoin/depends/x86_64-w64-mingw32/share/../include/  conftest.c >&5
configure:7482: $? = 0
configure:7482: result: yes
configure:7482: checking for string.h
configure:7482: x86_64-w64-mingw32-gcc -c -pipe -O2  -I/moondexcoin/depends/x86_64-w64-mingw32/share/../include/  conftest.c >&5
configure:7482: $? = 0
configure:7482: result: yes
configure:7482: checking for memory.h
configure:7482: x86_64-w64-mingw32-gcc -c -pipe -O2  -I/moondexcoin/depends/x86_64-w64-mingw32/share/../include/  conftest.c >&5
configure:7482: $? = 0
configure:7482: result: yes
configure:7482: checking for strings.h
configure:7482: x86_64-w64-mingw32-gcc -c -pipe -O2  -I/moondexcoin/depends/x86_64-w64-mingw32/share/../include/  conftest.c >&5
configure:7482: $? = 0
configure:7482: result: yes
configure:7482: checking for inttypes.h
configure:7482: x86_64-w64-mingw32-gcc -c -pipe -O2  -I/moondexcoin/depends/x86_64-w64-mingw32/share/../include/  conftest.c >&5
configure:7482: $? = 0
configure:7482: result: yes
configure:7482: checking for stdint.h
configure:7482: x86_64-w64-mingw32-gcc -c -pipe -O2  -I/moondexcoin/depends/x86_64-w64-mingw32/share/../include/  conftest.c >&5
configure:7482: $? = 0
configure:7482: result: yes
configure:7482: checking for unistd.h
configure:7482: x86_64-w64-mingw32-gcc -c -pipe -O2  -I/moondexcoin/depends/x86_64-w64-mingw32/share/../include/  conftest.c >&5
configure:7482: $? = 0
configure:7482: result: yes
configure:7496: checking for dlfcn.h
configure:7496: x86_64-w64-mingw32-gcc -c -pipe -O2  -I/moondexcoin/depends/x86_64-w64-mingw32/share/../include/  conftest.c >&5
conftest.c:55:19: fatal error: dlfcn.h: No such file or directory
 #include <dlfcn.h>
                   ^
compilation terminated.
configure:7496: $? = 1
configure: failed program was:
| /* confdefs.h */
| #define PACKAGE_NAME "univalue"
| #define PACKAGE_TARNAME "univalue"
| #define PACKAGE_VERSION "1.0.1"
| #define PACKAGE_STRING "univalue 1.0.1"
| #define PACKAGE_BUGREPORT "http://github.com/jgarzik/univalue/"
| #define PACKAGE_URL ""
| #define PACKAGE "univalue"
| #define VERSION "1.0.1"
| #define STDC_HEADERS 1
| #define HAVE_SYS_TYPES_H 1
| #define HAVE_SYS_STAT_H 1
| #define HAVE_STDLIB_H 1
| #define HAVE_STRING_H 1
| #define HAVE_MEMORY_H 1
| #define HAVE_STRINGS_H 1
| #define HAVE_INTTYPES_H 1
| #define HAVE_STDINT_H 1
| #define HAVE_UNISTD_H 1
| /* end confdefs.h.  */
| #include <stdio.h>
| #ifdef HAVE_SYS_TYPES_H
| # include <sys/types.h>
| #endif
| #ifdef HAVE_SYS_STAT_H
| # include <sys/stat.h>
| #endif
| #ifdef STDC_HEADERS
| # include <stdlib.h>
| # include <stddef.h>
| #else
| # ifdef HAVE_STDLIB_H
| #  include <stdlib.h>
| # endif
| #endif
| #ifdef HAVE_STRING_H
| # if !defined STDC_HEADERS && defined HAVE_MEMORY_H
| #  include <memory.h>
| # endif
| # include <string.h>
| #endif
| #ifdef HAVE_STRINGS_H
| # include <strings.h>
| #endif
| #ifdef HAVE_INTTYPES_H
| # include <inttypes.h>
| #endif
| #ifdef HAVE_STDINT_H
| # include <stdint.h>
| #endif
| #ifdef HAVE_UNISTD_H
| # include <unistd.h>
| #endif
| 
| #include <dlfcn.h>
configure:7496: result: no
configure:7702: checking for objdir
configure:7717: result: .libs
configure:7988: checking if x86_64-w64-mingw32-gcc supports -fno-rtti -fno-exceptions
configure:8006: x86_64-w64-mingw32-gcc -c -pipe -O2  -I/moondexcoin/depends/x86_64-w64-mingw32/share/../include/  -fno-rtti -fno-exceptions conftest.c >&5
cc1: warning: command line option '-fno-rtti' is valid for C++/ObjC++ but not for C [enabled by default]
configure:8010: $? = 0
configure:8023: result: no
configure:8350: checking for x86_64-w64-mingw32-gcc option to produce PIC
configure:8357: result: -DDLL_EXPORT -DPIC
configure:8365: checking if x86_64-w64-mingw32-gcc PIC flag -DDLL_EXPORT -DPIC works
configure:8383: x86_64-w64-mingw32-gcc -c -pipe -O2  -I/moondexcoin/depends/x86_64-w64-mingw32/share/../include/  -DDLL_EXPORT -DPIC -DPIC conftest.c >&5
configure:8387: $? = 0
configure:8400: result: yes
configure:8429: checking if x86_64-w64-mingw32-gcc static flag -static works
configure:8457: result: yes
configure:8472: checking if x86_64-w64-mingw32-gcc supports -c -o file.o
configure:8493: x86_64-w64-mingw32-gcc -c -pipe -O2  -I/moondexcoin/depends/x86_64-w64-mingw32/share/../include/  -o out/conftest2.o conftest.c >&5
configure:8497: $? = 0
configure:8519: result: yes
configure:8527: checking if x86_64-w64-mingw32-gcc supports -c -o file.o
configure:8574: result: yes
configure:8607: checking whether the x86_64-w64-mingw32-gcc linker (/usr/bin/x86_64-w64-mingw32-ld) supports shared libraries
configure:9764: result: yes
configure:10004: checking dynamic linker characteristics
configure:10738: result: Win32 ld.exe
configure:10845: checking how to hardcode library paths into programs
configure:10870: result: immediate
configure:11410: checking whether stripping libraries is possible
configure:11415: result: yes
configure:11450: checking if libtool supports shared libraries
configure:11452: result: yes
configure:11455: checking whether to build shared libraries
configure:11476: result: no
configure:11479: checking whether to build static libraries
configure:11483: result: yes
configure:11632: checking for C++ compiler version
configure:11641: x86_64-w64-mingw32-g++ --version >&5
x86_64-w64-mingw32-g++ (GCC) 4.8.2
Copyright (C) 2013 Free Software Foundation, Inc.
This is free software; see the source for copying conditions.  There is NO
warranty; not even for MERCHANTABILITY or FITNESS FOR A PARTICULAR PURPOSE.

configure:11652: $? = 0
configure:11641: x86_64-w64-mingw32-g++ -v >&5
Using built-in specs.
COLLECT_GCC=x86_64-w64-mingw32-g++
COLLECT_LTO_WRAPPER=/usr/lib/gcc/x86_64-w64-mingw32/4.8/lto-wrapper
Target: x86_64-w64-mingw32
Configured with: ../../src/configure --build=x86_64-linux-gnu --prefix=/usr --includedir='/usr/include' --mandir='/usr/share/man' --infodir='/usr/share/info' --sysconfdir=/etc --localstatedir=/var --libexecdir='/usr/lib/gcc-mingw-w64' --disable-maintainer-mode --disable-dependency-tracking --prefix=/usr --enable-shared --enable-static --disable-multilib --with-system-zlib --libexecdir=/usr/lib --without-included-gettext --libdir=/usr/lib --enable-libstdcxx-time=yes --with-tune=generic --enable-version-specific-runtime-libs --enable-threads=posix --enable-fully-dynamic-string --enable-sjlj-exceptions --enable-libgomp --enable-languages=c,c++,fortran,objc,obj-c++ --enable-lto --with-plugin-ld --target=x86_64-w64-mingw32 --with-gxx-include-dir=/usr/include/c++/4.8 --with-as=/usr/bin/x86_64-w64-mingw32-as --with-ld=/usr/bin/x86_64-w64-mingw32-ld
Thread model: posix
gcc version 4.8.2 (GCC) 
configure:11652: $? = 0
configure:11641: x86_64-w64-mingw32-g++ -V >&5
x86_64-w64-mingw32-g++: error: unrecognized command line option '-V'
x86_64-w64-mingw32-g++: fatal error: no input files
compilation terminated.
configure:11652: $? = 4
configure:11641: x86_64-w64-mingw32-g++ -qversion >&5
x86_64-w64-mingw32-g++: error: unrecognized command line option '-qversion'
x86_64-w64-mingw32-g++: fatal error: no input files
compilation terminated.
configure:11652: $? = 4
configure:11656: checking whether we are using the GNU C++ compiler
configure:11675: x86_64-w64-mingw32-g++ -c -pipe -O2  -I/moondexcoin/depends/x86_64-w64-mingw32/share/../include/  conftest.cpp >&5
configure:11675: $? = 0
configure:11684: result: yes
configure:11693: checking whether x86_64-w64-mingw32-g++ accepts -g
configure:11713: x86_64-w64-mingw32-g++ -c -g -I/moondexcoin/depends/x86_64-w64-mingw32/share/../include/  conftest.cpp >&5
configure:11713: $? = 0
configure:11754: result: yes
configure:11779: checking dependency style of x86_64-w64-mingw32-g++
configure:11890: result: gcc3
configure:11924: checking how to run the C++ preprocessor
configure:11951: x86_64-w64-mingw32-g++ -E -I/moondexcoin/depends/x86_64-w64-mingw32/share/../include/  conftest.cpp
configure:11951: $? = 0
configure:11965: x86_64-w64-mingw32-g++ -E -I/moondexcoin/depends/x86_64-w64-mingw32/share/../include/  conftest.cpp
conftest.cpp:22:28: fatal error: ac_nonexistent.h: No such file or directory
 #include <ac_nonexistent.h>
                            ^
compilation terminated.
configure:11965: $? = 1
configure: failed program was:
| /* confdefs.h */
| #define PACKAGE_NAME "univalue"
| #define PACKAGE_TARNAME "univalue"
| #define PACKAGE_VERSION "1.0.1"
| #define PACKAGE_STRING "univalue 1.0.1"
| #define PACKAGE_BUGREPORT "http://github.com/jgarzik/univalue/"
| #define PACKAGE_URL ""
| #define PACKAGE "univalue"
| #define VERSION "1.0.1"
| #define STDC_HEADERS 1
| #define HAVE_SYS_TYPES_H 1
| #define HAVE_SYS_STAT_H 1
| #define HAVE_STDLIB_H 1
| #define HAVE_STRING_H 1
| #define HAVE_MEMORY_H 1
| #define HAVE_STRINGS_H 1
| #define HAVE_INTTYPES_H 1
| #define HAVE_STDINT_H 1
| #define HAVE_UNISTD_H 1
| #define LT_OBJDIR ".libs/"
| /* end confdefs.h.  */
| #include <ac_nonexistent.h>
configure:11990: result: x86_64-w64-mingw32-g++ -E
configure:12010: x86_64-w64-mingw32-g++ -E -I/moondexcoin/depends/x86_64-w64-mingw32/share/../include/  conftest.cpp
configure:12010: $? = 0
configure:12024: x86_64-w64-mingw32-g++ -E -I/moondexcoin/depends/x86_64-w64-mingw32/share/../include/  conftest.cpp
conftest.cpp:22:28: fatal error: ac_nonexistent.h: No such file or directory
 #include <ac_nonexistent.h>
                            ^
compilation terminated.
configure:12024: $? = 1
configure: failed program was:
| /* confdefs.h */
| #define PACKAGE_NAME "univalue"
| #define PACKAGE_TARNAME "univalue"
| #define PACKAGE_VERSION "1.0.1"
| #define PACKAGE_STRING "univalue 1.0.1"
| #define PACKAGE_BUGREPORT "http://github.com/jgarzik/univalue/"
| #define PACKAGE_URL ""
| #define PACKAGE "univalue"
| #define VERSION "1.0.1"
| #define STDC_HEADERS 1
| #define HAVE_SYS_TYPES_H 1
| #define HAVE_SYS_STAT_H 1
| #define HAVE_STDLIB_H 1
| #define HAVE_STRING_H 1
| #define HAVE_MEMORY_H 1
| #define HAVE_STRINGS_H 1
| #define HAVE_INTTYPES_H 1
| #define HAVE_STDINT_H 1
| #define HAVE_UNISTD_H 1
| #define LT_OBJDIR ".libs/"
| /* end confdefs.h.  */
| #include <ac_nonexistent.h>
configure:12193: checking for ld used by x86_64-w64-mingw32-g++
configure:12260: result: /usr/bin/x86_64-w64-mingw32-ld
configure:12267: checking if the linker (/usr/bin/x86_64-w64-mingw32-ld) is GNU ld
configure:12282: result: yes
configure:12337: checking whether the x86_64-w64-mingw32-g++ linker (/usr/bin/x86_64-w64-mingw32-ld) supports shared libraries
configure:13339: result: yes
configure:13375: x86_64-w64-mingw32-g++ -c -pipe -O2  -I/moondexcoin/depends/x86_64-w64-mingw32/share/../include/  conftest.cpp >&5
configure:13378: $? = 0
configure:13898: checking for x86_64-w64-mingw32-g++ option to produce PIC
configure:13905: result: -DDLL_EXPORT -DPIC
configure:13913: checking if x86_64-w64-mingw32-g++ PIC flag -DDLL_EXPORT -DPIC works
configure:13931: x86_64-w64-mingw32-g++ -c -pipe -O2  -I/moondexcoin/depends/x86_64-w64-mingw32/share/../include/  -DDLL_EXPORT -DPIC -DPIC conftest.cpp >&5
configure:13935: $? = 0
configure:13948: result: yes
configure:13971: checking if x86_64-w64-mingw32-g++ static flag -static works
configure:13999: result: yes
configure:14011: checking if x86_64-w64-mingw32-g++ supports -c -o file.o
configure:14032: x86_64-w64-mingw32-g++ -c -pipe -O2  -I/moondexcoin/depends/x86_64-w64-mingw32/share/../include/  -o out/conftest2.o conftest.cpp >&5
configure:14036: $? = 0
configure:14058: result: yes
configure:14063: checking if x86_64-w64-mingw32-g++ supports -c -o file.o
configure:14110: result: yes
configure:14140: checking whether the x86_64-w64-mingw32-g++ linker (/usr/bin/x86_64-w64-mingw32-ld) supports shared libraries
configure:14179: result: yes
configure:14320: checking dynamic linker characteristics
configure:14988: result: Win32 ld.exe
configure:15041: checking how to hardcode library paths into programs
configure:15066: result: immediate
configure:15234: checking that generated files are newer than configure
configure:15240: result: done
configure:15267: creating ./config.status

## ---------------------- ##
## Running config.status. ##
## ---------------------- ##

This file was extended by univalue config.status 1.0.1, which was
generated by GNU Autoconf 2.69.  Invocation command line was

  CONFIG_FILES    = 
  CONFIG_HEADERS  = 
  CONFIG_LINKS    = 
  CONFIG_COMMANDS = 
  $ ./config.status 

on 59d49c614eea

config.status:1168: creating Makefile
config.status:1168: creating pc/libunivalue.pc
config.status:1168: creating pc/libunivalue-uninstalled.pc
config.status:1168: creating univalue-config.h
config.status:1397: executing depfiles commands
config.status:1397: executing libtool commands

## ---------------- ##
## Cache variables. ##
## ---------------- ##

ac_cv_build=x86_64-unknown-linux-gnu
ac_cv_c_compiler_gnu=yes
ac_cv_cxx_compiler_gnu=yes
ac_cv_env_CCC_set=
ac_cv_env_CCC_value=
ac_cv_env_CC_set=
ac_cv_env_CC_value=
ac_cv_env_CFLAGS_set=
ac_cv_env_CFLAGS_value=
ac_cv_env_CPPFLAGS_set=
ac_cv_env_CPPFLAGS_value=
ac_cv_env_CPP_set=
ac_cv_env_CPP_value=
ac_cv_env_CXXCPP_set=
ac_cv_env_CXXCPP_value=
ac_cv_env_CXXFLAGS_set=
ac_cv_env_CXXFLAGS_value=
ac_cv_env_CXX_set=
ac_cv_env_CXX_value=
ac_cv_env_LDFLAGS_set=
ac_cv_env_LDFLAGS_value=
ac_cv_env_LIBS_set=
ac_cv_env_LIBS_value=
ac_cv_env_build_alias_set=
ac_cv_env_build_alias_value=
ac_cv_env_host_alias_set=
ac_cv_env_host_alias_value=
ac_cv_env_target_alias_set=
ac_cv_env_target_alias_value=
ac_cv_exeext=.exe
ac_cv_header_dlfcn_h=no
ac_cv_header_inttypes_h=yes
ac_cv_header_memory_h=yes
ac_cv_header_stdc=yes
ac_cv_header_stdint_h=yes
ac_cv_header_stdlib_h=yes
ac_cv_header_string_h=yes
ac_cv_header_strings_h=yes
ac_cv_header_sys_stat_h=yes
ac_cv_header_sys_types_h=yes
ac_cv_header_unistd_h=yes
ac_cv_host=x86_64-w64-mingw32
ac_cv_objext=o
ac_cv_path_EGREP='/bin/grep -E'
ac_cv_path_FGREP='/bin/grep -F'
ac_cv_path_GREP=/bin/grep
ac_cv_path_SED=/bin/sed
ac_cv_path_ac_pt_AR=x86_64-w64-mingw32-ar
ac_cv_path_ac_pt_NM=x86_64-w64-mingw32-nm
ac_cv_path_ac_pt_RANLIB=x86_64-w64-mingw32-ranlib
ac_cv_path_install='/usr/bin/install -c'
ac_cv_path_mkdir=/bin/mkdir
ac_cv_prog_AR=x86_64-w64-mingw32-ar
ac_cv_prog_AWK=mawk
ac_cv_prog_CC=x86_64-w64-mingw32-gcc
ac_cv_prog_CPP='x86_64-w64-mingw32-gcc -E'
ac_cv_prog_CXXCPP='x86_64-w64-mingw32-g++ -E'
ac_cv_prog_DLLTOOL=x86_64-w64-mingw32-dlltool
ac_cv_prog_OBJDUMP=x86_64-w64-mingw32-objdump
ac_cv_prog_RANLIB=x86_64-w64-mingw32-ranlib
ac_cv_prog_STRIP=x86_64-w64-mingw32-strip
ac_cv_prog_ac_ct_MANIFEST_TOOL=mt
ac_cv_prog_cc_c89=
ac_cv_prog_cc_g=yes
ac_cv_prog_cxx_g=yes
ac_cv_prog_make_make_set=yes
am_cv_CC_dependencies_compiler_type=gcc3
am_cv_CXX_dependencies_compiler_type=gcc3
am_cv_make_support_nested_variables=yes
am_cv_prog_cc_c_o=yes
lt_cv_ar_at_file=@
lt_cv_deplibs_check_method='file_magic ^x86 archive import|^x86 DLL'
lt_cv_file_magic_cmd=func_win32_libid
lt_cv_file_magic_test_file=
lt_cv_ld_reload_flag=-r
lt_cv_nm_interface='BSD nm'
lt_cv_objdir=.libs
lt_cv_path_LD=/usr/bin/x86_64-w64-mingw32-ld
lt_cv_path_LDCXX=/usr/bin/x86_64-w64-mingw32-ld
lt_cv_path_NM=x86_64-w64-mingw32-nm
lt_cv_path_mainfest_tool=no
lt_cv_prog_compiler_c_o=yes
lt_cv_prog_compiler_c_o_CXX=yes
lt_cv_prog_compiler_pic='-DDLL_EXPORT -DPIC'
lt_cv_prog_compiler_pic_CXX='-DDLL_EXPORT -DPIC'
lt_cv_prog_compiler_pic_works=yes
lt_cv_prog_compiler_pic_works_CXX=yes
lt_cv_prog_compiler_rtti_exceptions=no
lt_cv_prog_compiler_static_works=yes
lt_cv_prog_compiler_static_works_CXX=yes
lt_cv_prog_gnu_ld=yes
lt_cv_prog_gnu_ldcxx=yes
lt_cv_sharedlib_from_linklib_cmd=func_cygming_dll_for_implib
lt_cv_sys_global_symbol_pipe='sed -n -e '\''s/^.*[	 ]\([ABCDGIRSTW][ABCDGIRSTW]*\)[	 ][	 ]*\([_A-Za-z][_A-Za-z0-9]*\)$/\1 \2 \2/p'\'' | sed '\''/ __gnu_lto/d'\'''
lt_cv_sys_global_symbol_to_c_name_address='sed -n -e '\''s/^: \([^ ]*\)[ ]*$/  {\"\1\", (void *) 0},/p'\'' -e '\''s/^[ABCDGIRSTW]* \([^ ]*\) \([^ ]*\)$/  {"\2", (void *) \&\2},/p'\'''
lt_cv_sys_global_symbol_to_c_name_address_lib_prefix='sed -n -e '\''s/^: \([^ ]*\)[ ]*$/  {\"\1\", (void *) 0},/p'\'' -e '\''s/^[ABCDGIRSTW]* \([^ ]*\) \(lib[^ ]*\)$/  {"\2", (void *) \&\2},/p'\'' -e '\''s/^[ABCDGIRSTW]* \([^ ]*\) \([^ ]*\)$/  {"lib\2", (void *) \&\2},/p'\'''
lt_cv_sys_global_symbol_to_cdecl='sed -n -e '\''s/^T .* \(.*\)$/extern int \1();/p'\'' -e '\''s/^[ABCDGIRSTW]* .* \(.*\)$/extern char \1;/p'\'''
lt_cv_sys_max_cmd_len=1572864
lt_cv_to_host_file_cmd=func_convert_file_nix_to_w32
lt_cv_to_tool_file_cmd=func_convert_file_noop

## ----------------- ##
## Output variables. ##
## ----------------- ##

ACLOCAL='${SHELL} /moondexcoin/src/univalue/build-aux/missing aclocal-1.14'
AMDEPBACKSLASH='\'
AMDEP_FALSE='#'
AMDEP_TRUE=''
AMTAR='$${TAR-tar}'
AM_BACKSLASH='\'
AM_DEFAULT_V='$(AM_DEFAULT_VERBOSITY)'
AM_DEFAULT_VERBOSITY='0'
AM_V='$(V)'
AR='x86_64-w64-mingw32-ar'
AUTOCONF='${SHELL} /moondexcoin/src/univalue/build-aux/missing autoconf'
AUTOHEADER='${SHELL} /moondexcoin/src/univalue/build-aux/missing autoheader'
AUTOMAKE='${SHELL} /moondexcoin/src/univalue/build-aux/missing automake-1.14'
AWK='mawk'
BUILD_EXEEXT=''
CC='x86_64-w64-mingw32-gcc'
CCDEPMODE='depmode=gcc3'
CFLAGS='-pipe -O2 '
CPP='x86_64-w64-mingw32-gcc -E'
CPPFLAGS='-I/moondexcoin/depends/x86_64-w64-mingw32/share/../include/ '
CXX='x86_64-w64-mingw32-g++'
CXXCPP='x86_64-w64-mingw32-g++ -E'
CXXDEPMODE='depmode=gcc3'
CXXFLAGS='-pipe -O2 '
CYGPATH_W='echo'
DEFS='-DHAVE_CONFIG_H'
DEPDIR='.deps'
DLLTOOL='x86_64-w64-mingw32-dlltool'
DSYMUTIL=''
DUMPBIN=''
ECHO_C=''
ECHO_N='-n'
ECHO_T=''
EGREP='/bin/grep -E'
EXEEXT='.exe'
FGREP='/bin/grep -F'
GREP='/bin/grep'
INSTALL_DATA='${INSTALL} -m 644'
INSTALL_PROGRAM='${INSTALL}'
INSTALL_SCRIPT='${INSTALL}'
INSTALL_STRIP_PROGRAM='$(install_sh) -c -s'
LD='/usr/bin/x86_64-w64-mingw32-ld'
LDFLAGS='-L/moondexcoin/depends/x86_64-w64-mingw32/share/../lib '
LIBOBJS=''
LIBS=''
LIBTOOL='$(SHELL) $(top_builddir)/libtool'
LIBTOOL_APP_LDFLAGS=' -all-static'
LIBUNIVALUE_AGE='100'
LIBUNIVALUE_CURRENT='100'
LIBUNIVALUE_REVISION='1'
LIPO=''
LN_S='ln -s'
LTLIBOBJS=''
MAKEINFO='${SHELL} /moondexcoin/src/univalue/build-aux/missing makeinfo'
MANIFEST_TOOL=':'
MKDIR_P='/bin/mkdir -p'
NM='x86_64-w64-mingw32-nm'
NMEDIT=''
OBJDUMP='x86_64-w64-mingw32-objdump'
OBJEXT='o'
OTOOL64=''
OTOOL=''
PACKAGE='univalue'
PACKAGE_BUGREPORT='http://github.com/jgarzik/univalue/'
PACKAGE_NAME='univalue'
PACKAGE_STRING='univalue 1.0.1'
PACKAGE_TARNAME='univalue'
PACKAGE_URL=''
PACKAGE_VERSION='1.0.1'
PATH_SEPARATOR=':'
RANLIB='x86_64-w64-mingw32-ranlib'
SED='/bin/sed'
SET_MAKE=''
SHELL='/bin/bash'
STRIP='x86_64-w64-mingw32-strip'
VERSION='1.0.1'
ac_ct_AR=''
ac_ct_CC=''
ac_ct_CXX=''
ac_ct_DUMPBIN=''
am__EXEEXT_FALSE='#'
am__EXEEXT_TRUE=''
am__fastdepCC_FALSE='#'
am__fastdepCC_TRUE=''
am__fastdepCXX_FALSE='#'
am__fastdepCXX_TRUE=''
am__include='include'
am__isrc=''
am__leading_dot='.'
am__nodep='_no'
am__quote=''
am__tar='$${TAR-tar} chof - "$$tardir"'
am__untar='$${TAR-tar} xf -'
bindir='${exec_prefix}/bin'
build='x86_64-unknown-linux-gnu'
build_alias=''
build_cpu='x86_64'
build_os='linux-gnu'
build_vendor='unknown'
datadir='${datarootdir}'
datarootdir='${prefix}/share'
docdir='${datarootdir}/doc/${PACKAGE_TARNAME}'
dvidir='${docdir}'
exec_prefix='${prefix}'
host='x86_64-w64-mingw32'
host_alias='x86_64-w64-mingw32'
host_cpu='x86_64'
host_os='mingw32'
host_vendor='w64'
htmldir='${docdir}'
includedir='${prefix}/include'
infodir='${datarootdir}/info'
install_sh='${SHELL} /moondexcoin/src/univalue/build-aux/install-sh'
libdir='${exec_prefix}/lib'
libexecdir='${exec_prefix}/libexec'
localedir='${datarootdir}/locale'
localstatedir='${prefix}/var'
mandir='${datarootdir}/man'
mkdir_p='$(MKDIR_P)'
oldincludedir='/usr/include'
pdfdir='${docdir}'
prefix='/moondexcoin/depends/x86_64-w64-mingw32'
program_transform_name='s,x,x,'
psdir='${docdir}'
sbindir='${exec_prefix}/sbin'
sharedstatedir='${prefix}/com'
sysconfdir='${prefix}/etc'
target_alias=''

## ----------- ##
## confdefs.h. ##
## ----------- ##

/* confdefs.h */
#define PACKAGE_NAME "univalue"
#define PACKAGE_TARNAME "univalue"
#define PACKAGE_VERSION "1.0.1"
#define PACKAGE_STRING "univalue 1.0.1"
#define PACKAGE_BUGREPORT "http://github.com/jgarzik/univalue/"
#define PACKAGE_URL ""
#define PACKAGE "univalue"
#define VERSION "1.0.1"
#define STDC_HEADERS 1
#define HAVE_SYS_TYPES_H 1
#define HAVE_SYS_STAT_H 1
#define HAVE_STDLIB_H 1
#define HAVE_STRING_H 1
#define HAVE_MEMORY_H 1
#define HAVE_STRINGS_H 1
#define HAVE_INTTYPES_H 1
#define HAVE_STDINT_H 1
#define HAVE_UNISTD_H 1
#define LT_OBJDIR ".libs/"

configure: exit 0
